[ERROR] 2025-10-17 01:09:53 | django.request:248 | log_response | Internal Server Error: /admin/compensation/departmentbudget/add/
Traceback (most recent call last):
  File "C:\lahiyeler\q360\q360_project\venv\Lib\site-packages\django\db\models\options.py", line 676, in get_field
    return self.fields_map[field_name]
           ~~~~~~~~~~~~~~~^^^^^^^^^^^^
KeyError: 'remaining_budget_display'

During handling of the above exception, another exception occurred:

Traceback (most recent call last):
  File "C:\lahiyeler\q360\q360_project\venv\Lib\site-packages\django\contrib\admin\utils.py", line 290, in lookup_field
    f = _get_non_gfk_field(opts, name)
  File "C:\lahiyeler\q360\q360_project\venv\Lib\site-packages\django\contrib\admin\utils.py", line 330, in _get_non_gfk_field
    field = opts.get_field(name)
  File "C:\lahiyeler\q360\q360_project\venv\Lib\site-packages\django\db\models\options.py", line 678, in get_field
    raise FieldDoesNotExist(
        "%s has no field named '%s'" % (self.object_name, field_name)
    )
django.core.exceptions.FieldDoesNotExist: DepartmentBudget has no field named 'remaining_budget_display'

During handling of the above exception, another exception occurred:

Traceback (most recent call last):
  File "C:\lahiyeler\q360\q360_project\venv\Lib\site-packages\django\core\handlers\exception.py", line 55, in inner
    response = get_response(request)
  File "C:\lahiyeler\q360\q360_project\venv\Lib\site-packages\django\core\handlers\base.py", line 220, in _get_response
    response = response.render()
  File "C:\lahiyeler\q360\q360_project\venv\Lib\site-packages\django\template\response.py", line 114, in render
    self.content = self.rendered_content
                   ^^^^^^^^^^^^^^^^^^^^^
  File "C:\lahiyeler\q360\q360_project\venv\Lib\site-packages\django\template\response.py", line 92, in rendered_content
    return template.render(context, self._request)
           ~~~~~~~~~~~~~~~^^^^^^^^^^^^^^^^^^^^^^^^
  File "C:\lahiyeler\q360\q360_project\venv\Lib\site-packages\django\template\backends\django.py", line 107, in render
    return self.template.render(context)
           ~~~~~~~~~~~~~~~~~~~~^^^^^^^^^
  File "C:\lahiyeler\q360\q360_project\venv\Lib\site-packages\django\template\base.py", line 171, in render
    return self._render(context)
           ~~~~~~~~~~~~^^^^^^^^^
  File "C:\lahiyeler\q360\q360_project\venv\Lib\site-packages\django\template\base.py", line 163, in _render
    return self.nodelist.render(context)
           ~~~~~~~~~~~~~~~~~~~~^^^^^^^^^
  File "C:\lahiyeler\q360\q360_project\venv\Lib\site-packages\django\template\base.py", line 1008, in render
    return SafeString("".join([node.render_annotated(context) for node in self]))
                               ~~~~~~~~~~~~~~~~~~~~~^^^^^^^^^
  File "C:\lahiyeler\q360\q360_project\venv\Lib\site-packages\django\template\base.py", line 969, in render_annotated
    return self.render(context)
           ~~~~~~~~~~~^^^^^^^^^
  File "C:\lahiyeler\q360\q360_project\venv\Lib\site-packages\django\template\loader_tags.py", line 159, in render
    return compiled_parent._render(context)
           ~~~~~~~~~~~~~~~~~~~~~~~^^^^^^^^^
  File "C:\lahiyeler\q360\q360_project\venv\Lib\site-packages\django\template\base.py", line 163, in _render
    return self.nodelist.render(context)
           ~~~~~~~~~~~~~~~~~~~~^^^^^^^^^
  File "C:\lahiyeler\q360\q360_project\venv\Lib\site-packages\django\template\base.py", line 1008, in render
    return SafeString("".join([node.render_annotated(context) for node in self]))
                               ~~~~~~~~~~~~~~~~~~~~~^^^^^^^^^
  File "C:\lahiyeler\q360\q360_project\venv\Lib\site-packages\django\template\base.py", line 969, in render_annotated
    return self.render(context)
           ~~~~~~~~~~~^^^^^^^^^
  File "C:\lahiyeler\q360\q360_project\venv\Lib\site-packages\django\template\loader_tags.py", line 159, in render
    return compiled_parent._render(context)
           ~~~~~~~~~~~~~~~~~~~~~~~^^^^^^^^^
  File "C:\lahiyeler\q360\q360_project\venv\Lib\site-packages\django\template\base.py", line 163, in _render
    return self.nodelist.render(context)
           ~~~~~~~~~~~~~~~~~~~~^^^^^^^^^
  File "C:\lahiyeler\q360\q360_project\venv\Lib\site-packages\django\template\base.py", line 1008, in render
    return SafeString("".join([node.render_annotated(context) for node in self]))
                               ~~~~~~~~~~~~~~~~~~~~~^^^^^^^^^
  File "C:\lahiyeler\q360\q360_project\venv\Lib\site-packages\django\template\base.py", line 969, in render_annotated
    return self.render(context)
           ~~~~~~~~~~~^^^^^^^^^
  File "C:\lahiyeler\q360\q360_project\venv\Lib\site-packages\django\template\loader_tags.py", line 65, in render
    result = block.nodelist.render(context)
  File "C:\lahiyeler\q360\q360_project\venv\Lib\site-packages\django\template\base.py", line 1008, in render
    return SafeString("".join([node.render_annotated(context) for node in self]))
                               ~~~~~~~~~~~~~~~~~~~~~^^^^^^^^^
  File "C:\lahiyeler\q360\q360_project\venv\Lib\site-packages\django\template\base.py", line 969, in render_annotated
    return self.render(context)
           ~~~~~~~~~~~^^^^^^^^^
  File "C:\lahiyeler\q360\q360_project\venv\Lib\site-packages\django\template\loader_tags.py", line 65, in render
    result = block.nodelist.render(context)
  File "C:\lahiyeler\q360\q360_project\venv\Lib\site-packages\django\template\base.py", line 1008, in render
    return SafeString("".join([node.render_annotated(context) for node in self]))
                               ~~~~~~~~~~~~~~~~~~~~~^^^^^^^^^
  File "C:\lahiyeler\q360\q360_project\venv\Lib\site-packages\django\template\base.py", line 969, in render_annotated
    return self.render(context)
           ~~~~~~~~~~~^^^^^^^^^
  File "C:\lahiyeler\q360\q360_project\venv\Lib\site-packages\django\template\loader_tags.py", line 65, in render
    result = block.nodelist.render(context)
  File "C:\lahiyeler\q360\q360_project\venv\Lib\site-packages\django\template\base.py", line 1008, in render
    return SafeString("".join([node.render_annotated(context) for node in self]))
                               ~~~~~~~~~~~~~~~~~~~~~^^^^^^^^^
  File "C:\lahiyeler\q360\q360_project\venv\Lib\site-packages\django\template\base.py", line 969, in render_annotated
    return self.render(context)
           ~~~~~~~~~~~^^^^^^^^^
  File "C:\lahiyeler\q360\q360_project\venv\Lib\site-packages\django\template\loader_tags.py", line 210, in render
    return template.render(context)
           ~~~~~~~~~~~~~~~^^^^^^^^^
  File "C:\lahiyeler\q360\q360_project\venv\Lib\site-packages\django\template\base.py", line 173, in render
    return self._render(context)
           ~~~~~~~~~~~~^^^^^^^^^
  File "C:\lahiyeler\q360\q360_project\venv\Lib\site-packages\django\template\base.py", line 163, in _render
    return self.nodelist.render(context)
           ~~~~~~~~~~~~~~~~~~~~^^^^^^^^^
  File "C:\lahiyeler\q360\q360_project\venv\Lib\site-packages\django\template\base.py", line 1008, in render
    return SafeString("".join([node.render_annotated(context) for node in self]))
                               ~~~~~~~~~~~~~~~~~~~~~^^^^^^^^^
  File "C:\lahiyeler\q360\q360_project\venv\Lib\site-packages\django\template\base.py", line 969, in render_annotated
    return self.render(context)
           ~~~~~~~~~~~^^^^^^^^^
  File "C:\lahiyeler\q360\q360_project\venv\Lib\site-packages\django\template\defaulttags.py", line 243, in render
    nodelist.append(node.render_annotated(context))
                    ~~~~~~~~~~~~~~~~~~~~~^^^^^^^^^
  File "C:\lahiyeler\q360\q360_project\venv\Lib\site-packages\django\template\base.py", line 969, in render_annotated
    return self.render(context)
           ~~~~~~~~~~~^^^^^^^^^
  File "C:\lahiyeler\q360\q360_project\venv\Lib\site-packages\django\template\defaulttags.py", line 327, in render
    return nodelist.render(context)
           ~~~~~~~~~~~~~~~^^^^^^^^^
  File "C:\lahiyeler\q360\q360_project\venv\Lib\site-packages\django\template\base.py", line 1008, in render
    return SafeString("".join([node.render_annotated(context) for node in self]))
                               ~~~~~~~~~~~~~~~~~~~~~^^^^^^^^^
  File "C:\lahiyeler\q360\q360_project\venv\Lib\site-packages\django\template\base.py", line 969, in render_annotated
    return self.render(context)
           ~~~~~~~~~~~^^^^^^^^^
  File "C:\lahiyeler\q360\q360_project\venv\Lib\site-packages\django\template\loader_tags.py", line 210, in render
    return template.render(context)
           ~~~~~~~~~~~~~~~^^^^^^^^^
  File "C:\lahiyeler\q360\q360_project\venv\Lib\site-packages\django\template\base.py", line 173, in render
    return self._render(context)
           ~~~~~~~~~~~~^^^^^^^^^
  File "C:\lahiyeler\q360\q360_project\venv\Lib\site-packages\django\template\base.py", line 163, in _render
    return self.nodelist.render(context)
           ~~~~~~~~~~~~~~~~~~~~^^^^^^^^^
  File "C:\lahiyeler\q360\q360_project\venv\Lib\site-packages\django\template\base.py", line 1008, in render
    return SafeString("".join([node.render_annotated(context) for node in self]))
                               ~~~~~~~~~~~~~~~~~~~~~^^^^^^^^^
  File "C:\lahiyeler\q360\q360_project\venv\Lib\site-packages\django\template\base.py", line 969, in render_annotated
    return self.render(context)
           ~~~~~~~~~~~^^^^^^^^^
  File "C:\lahiyeler\q360\q360_project\venv\Lib\site-packages\django\template\defaulttags.py", line 243, in render
    nodelist.append(node.render_annotated(context))
                    ~~~~~~~~~~~~~~~~~~~~~^^^^^^^^^
  File "C:\lahiyeler\q360\q360_project\venv\Lib\site-packages\django\template\base.py", line 969, in render_annotated
    return self.render(context)
           ~~~~~~~~~~~^^^^^^^^^
  File "C:\lahiyeler\q360\q360_project\venv\Lib\site-packages\django\template\defaulttags.py", line 243, in render
    nodelist.append(node.render_annotated(context))
                    ~~~~~~~~~~~~~~~~~~~~~^^^^^^^^^
  File "C:\lahiyeler\q360\q360_project\venv\Lib\site-packages\django\template\base.py", line 969, in render_annotated
    return self.render(context)
           ~~~~~~~~~~~^^^^^^^^^
  File "C:\lahiyeler\q360\q360_project\venv\Lib\site-packages\django\template\defaulttags.py", line 327, in render
    return nodelist.render(context)
           ~~~~~~~~~~~~~~~^^^^^^^^^
  File "C:\lahiyeler\q360\q360_project\venv\Lib\site-packages\django\template\base.py", line 1008, in render
    return SafeString("".join([node.render_annotated(context) for node in self]))
                               ~~~~~~~~~~~~~~~~~~~~~^^^^^^^^^
  File "C:\lahiyeler\q360\q360_project\venv\Lib\site-packages\django\template\base.py", line 969, in render_annotated
    return self.render(context)
           ~~~~~~~~~~~^^^^^^^^^
  File "C:\lahiyeler\q360\q360_project\venv\Lib\site-packages\django\template\base.py", line 1067, in render
    output = self.filter_expression.resolve(context)
  File "C:\lahiyeler\q360\q360_project\venv\Lib\site-packages\django\template\base.py", line 718, in resolve
    obj = self.var.resolve(context)
  File "C:\lahiyeler\q360\q360_project\venv\Lib\site-packages\django\template\base.py", line 850, in resolve
    value = self._resolve_lookup(context)
  File "C:\lahiyeler\q360\q360_project\venv\Lib\site-packages\django\template\base.py", line 917, in _resolve_lookup
    current = current()
  File "C:\lahiyeler\q360\q360_project\venv\Lib\site-packages\django\contrib\admin\helpers.py", line 275, in contents
    f, attr, value = lookup_field(field, obj, model_admin)
                     ~~~~~~~~~~~~^^^^^^^^^^^^^^^^^^^^^^^^^
  File "C:\lahiyeler\q360\q360_project\venv\Lib\site-packages\django\contrib\admin\utils.py", line 299, in lookup_field
    value = attr(obj)
  File "C:\lahiyeler\q360\q360_project\apps\compensation\admin.py", line 213, in remaining_budget_display
    remaining = obj.remaining_budget
                ^^^^^^^^^^^^^^^^^^^^
  File "C:\lahiyeler\q360\q360_project\apps\compensation\models.py", line 584, in remaining_budget
    return self.annual_budget - self.utilized_amount
           ~~~~~~~~~~~~~~~~~~~^~~~~~~~~~~~~~~~~~~~~~
TypeError: unsupported operand type(s) for -: 'NoneType' and 'decimal.Decimal'
[ERROR] 2025-10-17 01:09:53 | django.server:213 | log_message | "GET /admin/compensation/departmentbudget/add/ HTTP/1.1" 500 724587
[INFO] 2025-10-17 01:09:56 | django.server:213 | log_message | "GET /admin/compensation/departmentbudget/ HTTP/1.1" 200 55489
[INFO] 2025-10-17 01:09:58 | django.server:213 | log_message | "GET /admin/compensation/ HTTP/1.1" 200 66813
[INFO] 2025-10-17 01:10:00 | django.server:213 | log_message | "GET /admin/compensation/compensationhistory/ HTTP/1.1" 200 57567
[INFO] 2025-10-17 01:10:00 | django.server:213 | log_message | "GET /admin/jsi18n/ HTTP/1.1" 200 8388
[INFO] 2025-10-17 01:10:02 | django.server:213 | log_message | "GET /admin/compensation/compensationhistory/add/ HTTP/1.1" 200 75499
[INFO] 2025-10-17 01:10:02 | django.server:213 | log_message | "GET /admin/jsi18n/ HTTP/1.1" 200 8388
[INFO] 2025-10-17 01:10:41 | django.server:213 | log_message | "POST /admin/compensation/compensationhistory/add/ HTTP/1.1" 302 0
[INFO] 2025-10-17 01:10:41 | django.server:213 | log_message | "GET /admin/compensation/compensationhistory/ HTTP/1.1" 200 64300
[INFO] 2025-10-17 01:10:41 | django.server:213 | log_message | "GET /admin/jsi18n/ HTTP/1.1" 200 8388
[INFO] 2025-10-17 01:10:47 | django.server:213 | log_message | "GET /compensation/bonuses/?year=&bonus_type=annual HTTP/1.1" 200 90545
[INFO] 2025-10-17 01:10:47 | django.server:213 | log_message | "GET /api/notifications/?limit=5 HTTP/1.1" 200 33
[INFO] 2025-10-17 01:10:56 | django.server:213 | log_message | "GET /compensation/salaries/ HTTP/1.1" 200 88986
[INFO] 2025-10-17 01:10:56 | django.server:213 | log_message | "GET /api/notifications/?limit=5 HTTP/1.1" 200 33
[INFO] 2025-10-17 01:11:06 | django.server:213 | log_message | "GET /compensation/history/ HTTP/1.1" 200 88145
[INFO] 2025-10-17 01:11:06 | django.server:213 | log_message | "GET /api/notifications/?limit=5 HTTP/1.1" 200 33
[INFO] 2025-10-17 01:11:10 | django.server:213 | log_message | "GET /compensation/bonuses/ HTTP/1.1" 200 90545
[INFO] 2025-10-17 01:11:11 | django.server:213 | log_message | "GET /api/notifications/?limit=5 HTTP/1.1" 200 33
[INFO] 2025-10-17 01:11:16 | django.server:213 | log_message | "GET /admin/compensation/compensationhistory/add/ HTTP/1.1" 200 75499
[INFO] 2025-10-17 01:11:16 | django.server:213 | log_message | "GET /admin/jsi18n/ HTTP/1.1" 200 8388
[INFO] 2025-10-17 01:12:05 | django.server:213 | log_message | "POST /admin/compensation/compensationhistory/add/ HTTP/1.1" 302 0
[INFO] 2025-10-17 01:12:06 | django.server:213 | log_message | "GET /admin/compensation/compensationhistory/ HTTP/1.1" 200 65044
[INFO] 2025-10-17 01:12:06 | django.server:213 | log_message | "GET /admin/jsi18n/ HTTP/1.1" 200 8388
